<?xml version="1.0" encoding="UTF-8"?>
<testsuite name="test.kotlin.de.hopf.CalculatorTest" tests="1" skipped="0" failures="0" errors="0" timestamp="2020-05-18T13:28:20" hostname="DESKTOP-FF443BI" time="0.014">
  <properties/>
  <testcase name="testCalculator" classname="test.kotlin.de.hopf.CalculatorTest" time="0.014"/>
  <system-out><![CDATA[]]></system-out>
  <system-err><![CDATA[]]></system-err>
</testsuite>
