<?xml version="1.0" encoding="UTF-8"?>
<testsuite name="test.kotlin.de.hopf.PointTest" tests="1" skipped="0" failures="0" errors="0" timestamp="2020-05-04T16:47:25" hostname="DESKTOP-FF443BI" time="0.001">
  <properties/>
  <testcase name="testPoint" classname="test.kotlin.de.hopf.PointTest" time="0.001"/>
  <system-out><![CDATA[]]></system-out>
  <system-err><![CDATA[]]></system-err>
</testsuite>
