<?xml version="1.0" encoding="UTF-8"?>
<testsuite name="test.kotlin.de.hopf.CalculatorTest" tests="2" skipped="0" failures="0" errors="0" timestamp="2020-05-22T07:09:55" hostname="LAPTOP-MARKUS" time="0.016">
  <properties/>
  <testcase name="testDetermineMinimumfArray" classname="test.kotlin.de.hopf.CalculatorTest" time="0.016"/>
  <testcase name="testDetermineMinimum" classname="test.kotlin.de.hopf.CalculatorTest" time="0.0"/>
  <system-out><![CDATA[]]></system-out>
  <system-err><![CDATA[]]></system-err>
</testsuite>
