<?xml version="1.0" encoding="UTF-8"?>
<testsuite name="test.kotlin.de.hopf.CalculatorTest" tests="1" skipped="0" failures="0" errors="0" timestamp="2020-05-22T06:03:44" hostname="LAPTOP-MARKUS" time="0.017">
  <properties/>
  <testcase name="testCalculator" classname="test.kotlin.de.hopf.CalculatorTest" time="0.017"/>
  <system-out><![CDATA[]]></system-out>
  <system-err><![CDATA[]]></system-err>
</testsuite>
